<?xml version="1.0" encoding="UTF-8"?>
<!-- Generated by org.testng.reporters.JUnitReportReporter -->
<testsuite skipped="0" hostname="LAPTOP-J4HH40MP" name="poiexceldriven.TestCase" tests="1" failures="0" timestamp="2020-05-26T02:11:26 IST" time="9.464" errors="0">
  <testcase name="DataDrivenTest" time="9.464" classname="poiexceldriven.TestCase"/>
  <system-out/>
</testsuite> <!-- poiexceldriven.TestCase -->
